<?xml version="1.0" encoding="UTF-8"?>
<testng-results ignored="0" total="2" passed="2" failed="0" skipped="0">
  <reporter-output>
  </reporter-output>
  <suite started-at="2024-05-16T00:35:11 IST" name="Default suite" finished-at="2024-05-16T00:35:23 IST" duration-ms="11545">
    <groups>
    </groups>
    <test started-at="2024-05-16T00:35:11 IST" name="Default test" finished-at="2024-05-16T00:35:23 IST" duration-ms="11545">
      <class name="com.lg.qa.tests.ButtonPageTest">
        <test-method is-config="true" signature="setup()[pri:0, instance:com.lg.qa.tests.ButtonPageTest@4c371370]" started-at="2024-05-16T00:35:11 IST" name="setup" finished-at="2024-05-16T00:35:17 IST" duration-ms="5811" status="PASS">
          <reporter-output>
          </reporter-output>
        </test-method> <!-- setup -->
        <test-method signature="ImageButtonClick()[pri:1, instance:com.lg.qa.tests.ButtonPageTest@4c371370]" started-at="2024-05-16T00:35:17 IST" name="ImageButtonClick" finished-at="2024-05-16T00:35:17 IST" duration-ms="117" status="PASS">
          <reporter-output>
          </reporter-output>
        </test-method> <!-- ImageButtonClick -->
        <test-method is-config="true" signature="setup()[pri:0, instance:com.lg.qa.tests.ButtonPageTest@4c371370]" started-at="2024-05-16T00:35:17 IST" name="setup" finished-at="2024-05-16T00:35:20 IST" duration-ms="2221" status="PASS">
          <reporter-output>
          </reporter-output>
        </test-method> <!-- setup -->
        <test-method signature="ButtonClick()[pri:2, instance:com.lg.qa.tests.ButtonPageTest@4c371370]" started-at="2024-05-16T00:35:20 IST" name="ButtonClick" finished-at="2024-05-16T00:35:23 IST" duration-ms="3226" status="PASS">
          <reporter-output>
          </reporter-output>
        </test-method> <!-- ButtonClick -->
      </class> <!-- com.lg.qa.tests.ButtonPageTest -->
    </test> <!-- Default test -->
  </suite> <!-- Default suite -->
</testng-results>
